c:\users\quincyking\desktop\walnutengine\walnutengine\debug\vc141.pdb
c:\users\quincyking\desktop\walnutengine\walnutengine\debug\vc141.idb
c:\users\quincyking\desktop\walnutengine\walnutengine\debug\glad.obj
c:\users\quincyking\desktop\walnutengine\walnutengine\debug\imgui_widgets.obj
c:\users\quincyking\desktop\walnutengine\walnutengine\debug\imgui_impl_glfw.obj
c:\users\quincyking\desktop\walnutengine\walnutengine\debug\imgui_draw.obj
c:\users\quincyking\desktop\walnutengine\walnutengine\debug\imgui_demo.obj
c:\users\quincyking\desktop\walnutengine\walnutengine\debug\imgui.obj
c:\users\quincyking\desktop\walnutengine\walnutengine\debug\hierarchy.obj
c:\users\quincyking\desktop\walnutengine\walnutengine\debug\main.obj
c:\users\quincyking\desktop\walnutengine\walnutengine\debug\imgui_impl_opengl3.obj
c:\users\quincyking\desktop\walnutengine\walnutengine\debug\panel.obj
c:\users\quincyking\desktop\walnutengine\walnutengine\debug\menu.obj
c:\users\quincyking\desktop\walnutengine\walnutengine\debug\window.obj
c:\users\quincyking\desktop\walnutengine\debug\walnutengine.exe
c:\users\quincyking\desktop\walnutengine\debug\walnutengine.ilk
c:\users\quincyking\desktop\walnutengine\debug\walnutengine.pdb
c:\users\quincyking\desktop\walnutengine\walnutengine\debug\walnutengine.tlog\cl.command.1.tlog
c:\users\quincyking\desktop\walnutengine\walnutengine\debug\walnutengine.tlog\cl.read.1.tlog
c:\users\quincyking\desktop\walnutengine\walnutengine\debug\walnutengine.tlog\cl.write.1.tlog
c:\users\quincyking\desktop\walnutengine\walnutengine\debug\walnutengine.tlog\link.command.1.tlog
c:\users\quincyking\desktop\walnutengine\walnutengine\debug\walnutengine.tlog\link.read.1.tlog
c:\users\quincyking\desktop\walnutengine\walnutengine\debug\walnutengine.tlog\link.write.1.tlog
