  main.cpp
c:\users\quincyking\desktop\walengine\walnutengine\src\core\window.h(3): fatal error C1083: Cannot open include file: 'glad/glad.h': No such file or directory
  Entity.cpp
c:\users\quincyking\desktop\walengine\walnutengine\src\core\transform.h(3): fatal error C1083: Cannot open include file: 'glm/glm.hpp': No such file or directory
  Input.cpp
c:\users\quincyking\desktop\walengine\walnutengine\src\core\input.h(3): fatal error C1083: Cannot open include file: 'glm/glm.hpp': No such file or directory
  Mesh.cpp
c:\users\quincyking\desktop\walengine\walnutengine\src\core\mesh.h(3): fatal error C1083: Cannot open include file: 'glad/glad.h': No such file or directory
  Transform.cpp
c:\users\quincyking\desktop\walengine\walnutengine\src\core\transform.h(3): fatal error C1083: Cannot open include file: 'glm/glm.hpp': No such file or directory
  Window.cpp
c:\users\quincyking\desktop\walengine\walnutengine\src\core\window.h(3): fatal error C1083: Cannot open include file: 'glad/glad.h': No such file or directory
  Hierarchy.cpp
c:\users\quincyking\desktop\walengine\walnutengine\src\editor\hierarchy.h(3): fatal error C1083: Cannot open include file: 'imgui/imgui.h': No such file or directory
  Menu.cpp
c:\users\quincyking\desktop\walengine\walnutengine\src\editor\menu.h(3): fatal error C1083: Cannot open include file: 'imgui/imgui.h': No such file or directory
  Panel.cpp
c:\users\quincyking\desktop\walengine\walnutengine\src\editor\panel.h(3): fatal error C1083: Cannot open include file: 'imgui/imgui.h': No such file or directory
  Cube.cpp
c:\users\quincyking\desktop\walengine\walnutengine\src\core\transform.h(3): fatal error C1083: Cannot open include file: 'glm/glm.hpp': No such file or directory
  Sphere.cpp
c:\users\quincyking\desktop\walengine\walnutengine\src\core\transform.h(3): fatal error C1083: Cannot open include file: 'glm/glm.hpp': No such file or directory
  Camera.cpp
c:\users\quincyking\desktop\walengine\walnutengine\src\render\camera.h(3): fatal error C1083: Cannot open include file: 'glad/glad.h': No such file or directory
  Texture.cpp
c:\users\quincyking\desktop\walengine\walnutengine\src\render\texture.h(3): fatal error C1083: Cannot open include file: 'glad/glad.h': No such file or directory
  imgui.cpp
  imgui_demo.cpp
  imgui_draw.cpp
  imgui_impl_glfw.cpp
c:\users\quincyking\desktop\walengine\walnutengine\thirdparty\include\imgui\imgui_impl_glfw.cpp(35): fatal error C1083: Cannot open include file: 'GLFW/glfw3.h': No such file or directory
  imgui_impl_opengl3.cpp
c:\users\quincyking\desktop\walengine\walnutengine\thirdparty\include\imgui\imgui_impl_opengl3.cpp(81): fatal error C1083: Cannot open include file: 'glad/glad.h': No such file or directory
  imgui_widgets.cpp
  Generating Code...
